WARNING:root:Watch out
WARNING:root:Watch out
WARNING:root:Shits on fire
WARNING:root:Watch out
WARNING:root:Shits on fire
WARNING:root:Watch out
WARNING:root:Shits on fire
DEBUG:root:My debugging message
2022-09-23 14:49:35 WARNING Watch out
2022-09-23 14:49:35 WARNING Shits on fire
2022-09-23 14:49:35 DEBUG My debugging message
2022-09-23 14:51:53 WARNING Watch out
2022-09-23 14:51:53 WARNING Shits on fire
2022-09-23 14:51:53 DEBUG My debugging message
2022-09-23 14:55:15 WARNING Watch out
2022-09-23 14:55:15 WARNING Shits on fire
2022-09-23 14:55:15 DEBUG My debugging message
2022-09-23 14:55:15 WARNING This shit is a warning (mymodule
2022-09-23 14:55:15 DEBUG Something is wrong we dont know (mymodule)
2022-09-23 15:02:18 WARNING root\12,1 7 Watch out
2022-09-23 15:02:18 WARNING root\12,1 9 Shits on fire
2022-09-23 15:02:18 DEBUG root\12,1 10 My debugging message
2022-09-23 15:02:18 WARNING myLogger\mymodule 5 This shit is a warning (mymodule
2022-09-23 15:02:18 DEBUG myLogger\mymodule 6 Something is wrong we dont know (mymodule)
